Flutter crash report.
Please report a bug at https://github.com/flutter/flutter/issues.

## command

flutter run

## exception

SocketException: SocketException: OS Error: Success, errno = 0, port = 0

```
```

## flutter doctor

```
[✓] Flutter (Channel stable, 1.22.5, on Linux, locale en_US.UTF-8)
    • Flutter version 1.22.5 at /home/dualweilder/Installed/flutter
    • Framework revision 7891006299 (2 weeks ago), 2020-12-10 11:54:40 -0800
    • Engine revision ae90085a84
    • Dart version 2.10.4

[✓] Android toolchain - develop for Android devices (Android SDK version 30.0.3)
    • Android SDK at /home/dualweilder/Installed/Android
    • Platform android-30, build-tools 30.0.3
    • ANDROID_HOME = /home/dualweilder/Installed/Android
    • ANDROID_SDK_ROOT = /home/dualweilder/Installed/Android
    • Java binary at: /usr/bin/java
    • Java version OpenJDK Runtime Environment (build 11.0.9.1+1-Ubuntu-0ubuntu1.20.04)
    • All Android licenses accepted.

[!] Android Studio (not installed)
    • Android Studio not found; download from https://developer.android.com/studio/index.html
      (or visit https://flutter.dev/docs/get-started/install/linux#android-setup for detailed
      instructions).

[!] VS Code (version 1.52.1)
    • VS Code at /usr/share/code
    ✗ Flutter extension not installed; install from
      https://marketplace.visualstudio.com/items?itemName=Dart-Code.flutter

[✓] Connected device (1 available)
    • sdk gphone x86 arm (mobile) • emulator-5554 • android-x86 • Android 11 (API 30) (emulator)

! Doctor found issues in 2 categories.
```
